Change Component Designator: Old Designator=C5 New Designator=C18
Change Component Designator: Old Designator=C8 New Designator=C20
Change Component Designator: Old Designator=C10 New Designator=C17
Change Component Designator: Old Designator=C11 New Designator=C22
Change Component Designator: Old Designator=C12 New Designator=C19
Change Component Designator: Old Designator=C13 New Designator=C24
Change Component Designator: Old Designator=C17 New Designator=C21
Change Component Designator: Old Designator=C18 New Designator=C25
Change Component Designator: Old Designator=C19 New Designator=C23
Change Component Designator: Old Designator=C21 New Designator=C26
Change Component Designator: Old Designator=C24 New Designator=C27
Change Component Designator: Old Designator=C? New Designator=C28
Change Component Designator: Old Designator=D1 New Designator=D4
Change Component Designator: Old Designator=D2 New Designator=D3
Change Component Designator: Old Designator=J3 New Designator=J4
Change Component Designator: Old Designator=Q? New Designator=Q5
Change Component Designator: Old Designator=Q? New Designator=Q6
Change Component Designator: Old Designator=Q? New Designator=Q7
Change Component Designator: Old Designator=Q? New Designator=Q8
Change Component Designator: Old Designator=Q? New Designator=Q9
Change Component Designator: Old Designator=Q? New Designator=Q10
Change Component Designator: Old Designator=Q? New Designator=Q11
Change Component Designator: Old Designator=Q? New Designator=Q12
Change Component Designator: Old Designator=Q? New Designator=Q13
Change Component Designator: Old Designator=Q? New Designator=Q14
Change Component Designator: Old Designator=R4 New Designator=R27
Change Component Designator: Old Designator=R7 New Designator=R33
Change Component Designator: Old Designator=R10 New Designator=R25
Change Component Designator: Old Designator=R13 New Designator=R39
Change Component Designator: Old Designator=R15 New Designator=R30
Change Component Designator: Old Designator=R16 New Designator=R45
Change Component Designator: Old Designator=R19 New Designator=R36
Change Component Designator: Old Designator=R22 New Designator=R51
Change Component Designator: Old Designator=R23 New Designator=R42
Change Component Designator: Old Designator=R37 New Designator=R48
Change Component Designator: Old Designator=R38 New Designator=R54
Change Component Designator: Old Designator=R? New Designator=R26
Change Component Designator: Old Designator=R? New Designator=R28
Change Component Designator: Old Designator=R? New Designator=R29
Change Component Designator: Old Designator=R? New Designator=R31
Change Component Designator: Old Designator=R? New Designator=R32
Change Component Designator: Old Designator=R? New Designator=R34
Change Component Designator: Old Designator=R? New Designator=R35
Change Component Designator: Old Designator=R? New Designator=R37
Change Component Designator: Old Designator=R? New Designator=R38
Change Component Designator: Old Designator=R? New Designator=R40
Change Component Designator: Old Designator=R? New Designator=R41
Change Component Designator: Old Designator=R? New Designator=R43
Change Component Designator: Old Designator=R? New Designator=R44
Change Component Designator: Old Designator=R? New Designator=R46
Change Component Designator: Old Designator=R? New Designator=R47
Change Component Designator: Old Designator=R? New Designator=R49
Change Component Designator: Old Designator=R? New Designator=R50
Change Component Designator: Old Designator=R? New Designator=R52
Change Component Designator: Old Designator=R? New Designator=R53
Change Component Designator: Old Designator=R? New Designator=R55
Change Component Designator: Old Designator=R? New Designator=R56
Change Component Designator: Old Designator=Z? New Designator=Z1
Change Component Designator: Old Designator=Z? New Designator=Z2
Change Component Designator: Old Designator=Z? New Designator=Z3
Change Component Designator: Old Designator=Z? New Designator=Z4
Change Component Designator: Old Designator=Z? New Designator=Z5
Change Component Designator: Old Designator=Z? New Designator=Z6
Change Component Designator: Old Designator=Z? New Designator=Z7
Change Component Designator: Old Designator=Z? New Designator=Z8
Change Component Designator: Old Designator=Z? New Designator=Z9
Change Component Designator: Old Designator=Z? New Designator=Z10
