Removed Pin From Net: NetName=GND Pin=C26-1
Removed Pin From Net: NetName=GND Pin=C27-1
Removed Pin From Net: NetName=GND Pin=J4-11
Removed Pin From Net: NetName=GND Pin=Q13-2
Removed Pin From Net: NetName=GND Pin=R54-2
Removed Pin From Net: NetName=GND Pin=Z9-2
Added Pin To Net: NetName=NetIC2_20 Pin=C24-1
Added Pin To Net: NetName=NetIC2_20 Pin=C25-2
Added Pin To Net: NetName=NetC27_2 Pin=C26-1
Added Pin To Net: NetName=NetC27_2 Pin=C27-1
Add Pin To Net: Unknown Pin: Pin IC1-20
Add Pin To Net: Unknown Pin: Pin IC1-21
Add Pin To Net: Unknown Pin: Pin IC1-22
Add Pin To Net: Unknown Pin: Pin IC1-23
Add Pin To Net: Unknown Pin: Pin IC1-24
Add Pin To Net: Unknown Pin: Pin IC1-25
Add Pin To Net: Unknown Pin: Pin IC1-26
Add Pin To Net: Unknown Pin: Pin IC1-27
Added Pin To Net: NetName=NetC27_2 Pin=J4-11
Added Pin To Net: NetName=NetC27_2 Pin=Q13-2
Added Pin To Net: NetName=NetC27_2 Pin=R54-2
Added Pin To Net: NetName=NetC27_2 Pin=Z9-2
Change Net Name : Old Net Name=NetC27_2 New Net Name=GND
Change Net Name : Old Net Name=NetIC2_20 New Net Name=NetC24_1
