Added Component: Designator=J7(3 pin header 2.54mm)
Added Component: Designator=J8(3 pin header 2.54mm)
Added Component: Designator=R17(Uni Royal 0603 Resistor)
Add component (AddParameter): Name = "Value"; Value = "10k"; VariantName = "[No Variations]"
Added Component: Designator=R18(Uni Royal 0603 Resistor)
Add component (AddParameter): Name = "Value"; Value = "10k"; VariantName = "[No Variations]"
Add Pin To Net: Unknown Pin: Pin IC1-20
Add Pin To Net: Unknown Pin: Pin IC1-21
Add Pin To Net: Unknown Pin: Pin IC1-22
Add Pin To Net: Unknown Pin: Pin IC1-23
Add Pin To Net: Unknown Pin: Pin IC1-24
Add Pin To Net: Unknown Pin: Pin IC1-25
Add Pin To Net: Unknown Pin: Pin IC1-26
Add Pin To Net: Unknown Pin: Pin IC1-27
Added Pin To Net: NetName=GND Pin=J7-3
Added Pin To Net: NetName=GND Pin=J8-3
Added Pin To Net: NetName=GND Pin=R18-1
Added Pin To Net: NetName=+5V Pin=J7-2
Added Pin To Net: NetName=+5V Pin=J8-2
Added Net: Name=+5V
Added Pin To Net: NetName=SERV_SIG_D Pin=IC1-15
Added Pin To Net: NetName=SERV_SIG_D Pin=R17-1
Added Pin To Net: NetName=SERV_SIG_D Pin=R18-2
Added Net: Name=SERV_SIG_D
Added Pin To Net: NetName=SERV_SIG Pin=J7-1
Added Pin To Net: NetName=SERV_SIG Pin=J8-1
Added Pin To Net: NetName=SERV_SIG Pin=R17-2
Added Net: Name=SERV_SIG
Added Member To Class: ClassName=ESP32-C3-WROOM-2 Member=Component J7 3 pin header
Added Member To Class: ClassName=ESP32-C3-WROOM-2 Member=Component J8 3 pin header
Added Member To Class: ClassName=ESP32-C3-WROOM-2 Member=Component R17 Generic Resistor 10k 0603
Added Member To Class: ClassName=ESP32-C3-WROOM-2 Member=Component R18 Generic Resistor 10k 0603
