Removed Pin From Net: NetName=+3V3 Pin=C1-1
Removed Pin From Net: NetName=GND Pin=C1-2
Removed Pin From Net: NetName=REGO Pin=C4-1
Removed Pin From Net: NetName=GND Pin=C4-2
Removed Pin From Net: NetName=VC5X Pin=C6-1
Removed Pin From Net: NetName=NetC6_2 Pin=C6-2
Removed Pin From Net: NetName=VC5X Pin=C9-1
Removed Pin From Net: NetName=GND Pin=C9-2
Removed Pin From Net: NetName=SRN Pin=C10-1
Removed Pin From Net: NetName=SRP Pin=C10-2
Removed Pin From Net: NetName=NetC14_1 Pin=C14-1
Removed Pin From Net: NetName=42V Pin=C15-1
Removed Pin From Net: NetName=GND Pin=C15-2
Removed Pin From Net: NetName=+3V3 Pin=C16-1
Removed Pin From Net: NetName=GND Pin=C16-2
Change Component Footprint: Designator=C2 Old Footprint=CAPC1608X90X35ML10T15 New Footprint=Wurth 0603 capacitor
Change Component Footprint: Designator=C10 Old Footprint=CAPC1608X90X35ML10T15 New Footprint=Wurth 0603 capacitor
Change Component Footprint: Designator=C11 Old Footprint=CAPC1608X90X35ML10T15 New Footprint=Wurth 0603 capacitor
Change Component Footprint: Designator=C12 Old Footprint=CAPC1608X90X35ML10T15 New Footprint=Wurth 0603 capacitor
Change Component Footprint: Designator=C14 Old Footprint=CAPC1608X90X35ML10T15 New Footprint=Wurth 0603 capacitor
Change Component Footprint: Designator=C17 Old Footprint=CAPC1608X90X35ML10T15 New Footprint=Wurth 0603 capacitor
Change Component Footprint: Designator=C18 Old Footprint=CAPC1608X90X35ML10T15 New Footprint=Wurth 0603 capacitor
Change Component Footprint: Designator=C19 Old Footprint=CAPC1608X90X35ML10T15 New Footprint=Wurth 0603 capacitor
Change Component Footprint: Designator=C20 Old Footprint=CAPC1608X90X35ML10T15 New Footprint=Wurth 0603 capacitor
Change Component Footprint: Designator=C21 Old Footprint=CAPC1608X90X35ML10T15 New Footprint=Wurth 0603 capacitor
Change Component Footprint: Designator=C22 Old Footprint=CAPC1608X90X35ML10T15 New Footprint=Wurth 0603 capacitor
Change Component Footprint: Designator=C23 Old Footprint=CAPC1608X90X35ML10T15 New Footprint=Wurth 0603 capacitor
Change Component Footprint: Designator=C24 Old Footprint=CAPC1608X90X35ML10T15 New Footprint=Wurth 0603 capacitor
Change Component Footprint: Designator=C25 Old Footprint=CAPC1608X90X35ML10T15 New Footprint=Wurth 0603 capacitor
Change Component Footprint: Designator=C26 Old Footprint=CAPC1608X90X35ML10T15 New Footprint=Wurth 0603 capacitor
Change Component Footprint: Designator=C27 Old Footprint=CAPC1608X90X35ML10T15 New Footprint=Wurth 0603 capacitor
Change Component Footprint: Designator=C28 Old Footprint=CAPC1608X90X35ML10T15 New Footprint=Wurth 0603 capacitor
Change Component Footprint: Designator=C3 Old Footprint=FP-C1608-080-0_1-IPC_B New Footprint=Wurth 0603 capacitor
Change Component Footprint: Designator=C5 Old Footprint=FP-C1608-080-0_1-IPC_B New Footprint=Wurth 0603 capacitor
Change Component Footprint: Designator=C7 Old Footprint=FP-C1608-080-0_1-IPC_B New Footprint=Wurth 0603 capacitor
Change Component Footprint: Designator=C8 Old Footprint=FP-C1608-080-0_1-IPC_B New Footprint=Wurth 0603 capacitor
Change Component Footprint: Designator=C1 Old Footprint=FP-CL10-IPC_B New Footprint=Wurth 0603 capacitor
Change Component Footprint: Designator=C6 Old Footprint=FP-CL10-IPC_B New Footprint=Wurth 0603 capacitor
Change Component Footprint: Designator=C9 Old Footprint=FP-CL10-IPC_B New Footprint=Wurth 0603 capacitor
Change Component Footprint: Designator=C16 Old Footprint=FP-CL10-IPC_B New Footprint=Wurth 0603 capacitor
Change Component Footprint: Designator=C4 Old Footprint=FP-CL10-IPC_C New Footprint=Wurth 0603 capacitor
Change Component Footprint: Designator=C15 Old Footprint=FP-CL10-IPC_C New Footprint=Wurth 0603 capacitor
Change Component Comment : Designator=C3 Old Comment=C1608X5R1H105K080AB New Comment=Generic Capacitor 1uF 0603
Change Component Comment : Designator=C5 Old Comment=C1608X5R1H105K080AB New Comment=Generic Capacitor 1uF 0603
Change Component Comment : Designator=C7 Old Comment=C1608X5R1H105K080AB New Comment=Generic Capacitor 1uF 0603
Change Component Comment : Designator=C8 Old Comment=C1608X5R1H105K080AB New Comment=Generic Capacitor 1uF 0603
Change Component Comment : Designator=C1 Old Comment=CL10A106MP8NNNC New Comment=Generic Capacitor 10uF 0603
Change Component Comment : Designator=C6 Old Comment=CL10A106MP8NNNC New Comment=Generic Capacitor 10uF 0603
Change Component Comment : Designator=C9 Old Comment=CL10A106MP8NNNC New Comment=Generic Capacitor 10uF 0603
Change Component Comment : Designator=C16 Old Comment=CL10A106MP8NNNC New Comment=Generic Capacitor 10uF 0603
Change Component Comment : Designator=C4 Old Comment=CL10A475KP8NNNC New Comment=Generic Capacitor 4.7uF 0603
Change Component Comment : Designator=C15 Old Comment=CL10A475KP8NNNC New Comment=Generic Capacitor 4.7uF 0603
Change Component Comment : Designator=C2 Old Comment=GRM188R71H104KA93D New Comment=Generic Capacitor 100nF 0603
Change Component Comment : Designator=C10 Old Comment=GRM188R71H104KA93D New Comment=Generic Capacitor 100nF 0603
Change Component Comment : Designator=C11 Old Comment=GRM188R71H104KA93D New Comment=Generic Capacitor 100nF 0603
Change Component Comment : Designator=C12 Old Comment=GRM188R71H104KA93D New Comment=Generic Capacitor 100nF 0603
Change Component Comment : Designator=C14 Old Comment=GRM188R71H104KA93D New Comment=Generic Capacitor 100nF 0603
Change Component Comment : Designator=C17 Old Comment=GRM188R71H104KA93D New Comment=Generic Capacitor 100nF 0603
Change Component Comment : Designator=C18 Old Comment=GRM188R71H104KA93D New Comment=Generic Capacitor 100nF 0603
Change Component Comment : Designator=C19 Old Comment=GRM188R71H104KA93D New Comment=Generic Capacitor 100nF 0603
Change Component Comment : Designator=C20 Old Comment=GRM188R71H104KA93D New Comment=Generic Capacitor 100nF 0603
Change Component Comment : Designator=C21 Old Comment=GRM188R71H104KA93D New Comment=Generic Capacitor 100nF 0603
Change Component Comment : Designator=C22 Old Comment=GRM188R71H104KA93D New Comment=Generic Capacitor 100nF 0603
Change Component Comment : Designator=C23 Old Comment=GRM188R71H104KA93D New Comment=Generic Capacitor 100nF 0603
Change Component Comment : Designator=C24 Old Comment=GRM188R71H104KA93D New Comment=Generic Capacitor 100nF 0603
Change Component Comment : Designator=C25 Old Comment=GRM188R71H104KA93D New Comment=Generic Capacitor 100nF 0603
Change Component Comment : Designator=C26 Old Comment=GRM188R71H104KA93D New Comment=Generic Capacitor 100nF 0603
Change Component Comment : Designator=C27 Old Comment=GRM188R71H104KA93D New Comment=Generic Capacitor 100nF 0603
Change Component Comment : Designator=C28 Old Comment=GRM188R71H104KA93D New Comment=Generic Capacitor 100nF 0603
Change Managed Component Library Link : Designator=C1 Old VaultGUID=B7D15EC3-160A-466F-A46C-7801FE6295A7 New VaultGUID= Old ItemGUID=2592E5A8-9E68-4C95-A907-D616E8650C8D New ItemGUID= Old RevisionGUID=2882E324-B46A-44B8-B0CD-2143A3E23544 New RevisionGUID=
Change Managed Component Library Link : Designator=C2 Old VaultGUID=B7D15EC3-160A-466F-A46C-7801FE6295A7 New VaultGUID= Old ItemGUID=4C388509-E66D-4A8A-B6CC-D934003EFBA9 New ItemGUID= Old RevisionGUID=EAD26943-240A-4271-8D6E-DC96E83097AE New RevisionGUID=
Change Managed Component Library Link : Designator=C3 Old VaultGUID=B7D15EC3-160A-466F-A46C-7801FE6295A7 New VaultGUID= Old ItemGUID=0039E097-B5E9-4C4F-BA82-DAC2B734F469 New ItemGUID= Old RevisionGUID=5FC4AC54-62C9-42A1-9998-8FD4D88BCE93 New RevisionGUID=
Change Managed Component Library Link : Designator=C4 Old VaultGUID=B7D15EC3-160A-466F-A46C-7801FE6295A7 New VaultGUID= Old ItemGUID=F8977EE6-088E-4FCD-869E-451308E3BEAE New ItemGUID= Old RevisionGUID=2D9AD056-91E6-4281-8960-C86F74342651 New RevisionGUID=
Change Managed Component Library Link : Designator=C5 Old VaultGUID=B7D15EC3-160A-466F-A46C-7801FE6295A7 New VaultGUID= Old ItemGUID=0039E097-B5E9-4C4F-BA82-DAC2B734F469 New ItemGUID= Old RevisionGUID=5FC4AC54-62C9-42A1-9998-8FD4D88BCE93 New RevisionGUID=
Change Managed Component Library Link : Designator=C6 Old VaultGUID=B7D15EC3-160A-466F-A46C-7801FE6295A7 New VaultGUID= Old ItemGUID=2592E5A8-9E68-4C95-A907-D616E8650C8D New ItemGUID= Old RevisionGUID=2882E324-B46A-44B8-B0CD-2143A3E23544 New RevisionGUID=
Change Managed Component Library Link : Designator=C7 Old VaultGUID=B7D15EC3-160A-466F-A46C-7801FE6295A7 New VaultGUID= Old ItemGUID=0039E097-B5E9-4C4F-BA82-DAC2B734F469 New ItemGUID= Old RevisionGUID=5FC4AC54-62C9-42A1-9998-8FD4D88BCE93 New RevisionGUID=
Change Managed Component Library Link : Designator=C8 Old VaultGUID=B7D15EC3-160A-466F-A46C-7801FE6295A7 New VaultGUID= Old ItemGUID=0039E097-B5E9-4C4F-BA82-DAC2B734F469 New ItemGUID= Old RevisionGUID=5FC4AC54-62C9-42A1-9998-8FD4D88BCE93 New RevisionGUID=
Change Managed Component Library Link : Designator=C9 Old VaultGUID=B7D15EC3-160A-466F-A46C-7801FE6295A7 New VaultGUID= Old ItemGUID=2592E5A8-9E68-4C95-A907-D616E8650C8D New ItemGUID= Old RevisionGUID=2882E324-B46A-44B8-B0CD-2143A3E23544 New RevisionGUID=
Change Managed Component Library Link : Designator=C10 Old VaultGUID=B7D15EC3-160A-466F-A46C-7801FE6295A7 New VaultGUID= Old ItemGUID=4C388509-E66D-4A8A-B6CC-D934003EFBA9 New ItemGUID= Old RevisionGUID=EAD26943-240A-4271-8D6E-DC96E83097AE New RevisionGUID=
Change Managed Component Library Link : Designator=C11 Old VaultGUID=B7D15EC3-160A-466F-A46C-7801FE6295A7 New VaultGUID= Old ItemGUID=4C388509-E66D-4A8A-B6CC-D934003EFBA9 New ItemGUID= Old RevisionGUID=EAD26943-240A-4271-8D6E-DC96E83097AE New RevisionGUID=
Change Managed Component Library Link : Designator=C12 Old VaultGUID=B7D15EC3-160A-466F-A46C-7801FE6295A7 New VaultGUID= Old ItemGUID=4C388509-E66D-4A8A-B6CC-D934003EFBA9 New ItemGUID= Old RevisionGUID=EAD26943-240A-4271-8D6E-DC96E83097AE New RevisionGUID=
Change Managed Component Library Link : Designator=C14 Old VaultGUID=B7D15EC3-160A-466F-A46C-7801FE6295A7 New VaultGUID= Old ItemGUID=4C388509-E66D-4A8A-B6CC-D934003EFBA9 New ItemGUID= Old RevisionGUID=EAD26943-240A-4271-8D6E-DC96E83097AE New RevisionGUID=
Change Managed Component Library Link : Designator=C15 Old VaultGUID=B7D15EC3-160A-466F-A46C-7801FE6295A7 New VaultGUID= Old ItemGUID=F8977EE6-088E-4FCD-869E-451308E3BEAE New ItemGUID= Old RevisionGUID=2D9AD056-91E6-4281-8960-C86F74342651 New RevisionGUID=
Change Managed Component Library Link : Designator=C16 Old VaultGUID=B7D15EC3-160A-466F-A46C-7801FE6295A7 New VaultGUID= Old ItemGUID=2592E5A8-9E68-4C95-A907-D616E8650C8D New ItemGUID= Old RevisionGUID=2882E324-B46A-44B8-B0CD-2143A3E23544 New RevisionGUID=
Change Managed Component Library Link : Designator=C17 Old VaultGUID=B7D15EC3-160A-466F-A46C-7801FE6295A7 New VaultGUID= Old ItemGUID=4C388509-E66D-4A8A-B6CC-D934003EFBA9 New ItemGUID= Old RevisionGUID=EAD26943-240A-4271-8D6E-DC96E83097AE New RevisionGUID=
Change Managed Component Library Link : Designator=C18 Old VaultGUID=B7D15EC3-160A-466F-A46C-7801FE6295A7 New VaultGUID= Old ItemGUID=4C388509-E66D-4A8A-B6CC-D934003EFBA9 New ItemGUID= Old RevisionGUID=EAD26943-240A-4271-8D6E-DC96E83097AE New RevisionGUID=
Change Managed Component Library Link : Designator=C19 Old VaultGUID=B7D15EC3-160A-466F-A46C-7801FE6295A7 New VaultGUID= Old ItemGUID=4C388509-E66D-4A8A-B6CC-D934003EFBA9 New ItemGUID= Old RevisionGUID=EAD26943-240A-4271-8D6E-DC96E83097AE New RevisionGUID=
Change Managed Component Library Link : Designator=C20 Old VaultGUID=B7D15EC3-160A-466F-A46C-7801FE6295A7 New VaultGUID= Old ItemGUID=4C388509-E66D-4A8A-B6CC-D934003EFBA9 New ItemGUID= Old RevisionGUID=EAD26943-240A-4271-8D6E-DC96E83097AE New RevisionGUID=
Change Managed Component Library Link : Designator=C21 Old VaultGUID=B7D15EC3-160A-466F-A46C-7801FE6295A7 New VaultGUID= Old ItemGUID=4C388509-E66D-4A8A-B6CC-D934003EFBA9 New ItemGUID= Old RevisionGUID=EAD26943-240A-4271-8D6E-DC96E83097AE New RevisionGUID=
Change Managed Component Library Link : Designator=C22 Old VaultGUID=B7D15EC3-160A-466F-A46C-7801FE6295A7 New VaultGUID= Old ItemGUID=4C388509-E66D-4A8A-B6CC-D934003EFBA9 New ItemGUID= Old RevisionGUID=EAD26943-240A-4271-8D6E-DC96E83097AE New RevisionGUID=
Change Managed Component Library Link : Designator=C23 Old VaultGUID=B7D15EC3-160A-466F-A46C-7801FE6295A7 New VaultGUID= Old ItemGUID=4C388509-E66D-4A8A-B6CC-D934003EFBA9 New ItemGUID= Old RevisionGUID=EAD26943-240A-4271-8D6E-DC96E83097AE New RevisionGUID=
Change Managed Component Library Link : Designator=C24 Old VaultGUID=B7D15EC3-160A-466F-A46C-7801FE6295A7 New VaultGUID= Old ItemGUID=4C388509-E66D-4A8A-B6CC-D934003EFBA9 New ItemGUID= Old RevisionGUID=EAD26943-240A-4271-8D6E-DC96E83097AE New RevisionGUID=
Change Managed Component Library Link : Designator=C25 Old VaultGUID=B7D15EC3-160A-466F-A46C-7801FE6295A7 New VaultGUID= Old ItemGUID=4C388509-E66D-4A8A-B6CC-D934003EFBA9 New ItemGUID= Old RevisionGUID=EAD26943-240A-4271-8D6E-DC96E83097AE New RevisionGUID=
Change Managed Component Library Link : Designator=C26 Old VaultGUID=B7D15EC3-160A-466F-A46C-7801FE6295A7 New VaultGUID= Old ItemGUID=4C388509-E66D-4A8A-B6CC-D934003EFBA9 New ItemGUID= Old RevisionGUID=EAD26943-240A-4271-8D6E-DC96E83097AE New RevisionGUID=
Change Managed Component Library Link : Designator=C27 Old VaultGUID=B7D15EC3-160A-466F-A46C-7801FE6295A7 New VaultGUID= Old ItemGUID=4C388509-E66D-4A8A-B6CC-D934003EFBA9 New ItemGUID= Old RevisionGUID=EAD26943-240A-4271-8D6E-DC96E83097AE New RevisionGUID=
Change Managed Component Library Link : Designator=C28 Old VaultGUID=B7D15EC3-160A-466F-A46C-7801FE6295A7 New VaultGUID= Old ItemGUID=4C388509-E66D-4A8A-B6CC-D934003EFBA9 New ItemGUID= Old RevisionGUID=EAD26943-240A-4271-8D6E-DC96E83097AE New RevisionGUID=
Change component parameters: Designator = "C1" ("C1"); Footprint = "FP-CL10-IPC_B"; UniqueID = "\DBXZGXZB\KBXFNQRX" ("\DBXZGXZB\KBXFNQRX")
Change component parameters (AddParameter): Name = "Value"; Value = "10uF"; VariantName = "[No Variations]"
Change component parameters: Designator = "C2" ("C2"); Footprint = "CAPC1608X90X35ML10T15"; UniqueID = "\DBXZGXZB\CUIILIDP" ("\DBXZGXZB\CUIILIDP")
Change component parameters (AddParameter): Name = "Value"; Value = "100nF"; VariantName = "[No Variations]"
Change component parameters: Designator = "C3" ("C3"); Footprint = "FP-C1608-080-0_1-IPC_B"; UniqueID = "\DBXZGXZB\IWVWGZAE" ("\DBXZGXZB\IWVWGZAE")
Change component parameters (AddParameter): Name = "Value"; Value = "1uF"; VariantName = "[No Variations]"
Change component parameters: Designator = "C4" ("C4"); Footprint = "FP-CL10-IPC_C"; UniqueID = "\ZPWQXQBK\ZSLTNXRO" ("\ZPWQXQBK\ZSLTNXRO")
Change component parameters (AddParameter): Name = "Value"; Value = "4.7uF"; VariantName = "[No Variations]"
Change component parameters: Designator = "C5" ("C5"); Footprint = "FP-C1608-080-0_1-IPC_B"; UniqueID = "\ZPWQXQBK\BQYXWDCD" ("\ZPWQXQBK\BQYXWDCD")
Change component parameters (AddParameter): Name = "Value"; Value = "1uF"; VariantName = "[No Variations]"
Change component parameters: Designator = "C6" ("C6"); Footprint = "FP-CL10-IPC_B"; UniqueID = "\ZPWQXQBK\TGTOTILT" ("\ZPWQXQBK\TGTOTILT")
Change component parameters (AddParameter): Name = "Value"; Value = "10uF"; VariantName = "[No Variations]"
Change component parameters: Designator = "C7" ("C7"); Footprint = "FP-C1608-080-0_1-IPC_B"; UniqueID = "\ZPWQXQBK\OLOBHPPD" ("\ZPWQXQBK\OLOBHPPD")
Change component parameters (AddParameter): Name = "Value"; Value = "1uF"; VariantName = "[No Variations]"
Change component parameters: Designator = "C8" ("C8"); Footprint = "FP-C1608-080-0_1-IPC_B"; UniqueID = "\ZPWQXQBK\ALESPRWL" ("\ZPWQXQBK\ALESPRWL")
Change component parameters (AddParameter): Name = "Value"; Value = "1uF"; VariantName = "[No Variations]"
Change component parameters: Designator = "C9" ("C9"); Footprint = "FP-CL10-IPC_B"; UniqueID = "\ZPWQXQBK\TNCSCSCD" ("\ZPWQXQBK\TNCSCSCD")
Change component parameters (AddParameter): Name = "Value"; Value = "10uF"; VariantName = "[No Variations]"
Change component parameters: Designator = "C10" ("C10"); Footprint = "CAPC1608X90X35ML10T15"; UniqueID = "\ZPWQXQBK\KUPQKQHY" ("\ZPWQXQBK\KUPQKQHY")
Change component parameters (AddParameter): Name = "Value"; Value = "100nF"; VariantName = "[No Variations]"
Change component parameters: Designator = "C11" ("C11"); Footprint = "CAPC1608X90X35ML10T15"; UniqueID = "\ZPWQXQBK\LNBAQKMC" ("\ZPWQXQBK\LNBAQKMC")
Change component parameters (AddParameter): Name = "Value"; Value = "100nF"; VariantName = "[No Variations]"
Change component parameters: Designator = "C12" ("C12"); Footprint = "CAPC1608X90X35ML10T15"; UniqueID = "\ZPWQXQBK\QXQJQPGB" ("\ZPWQXQBK\QXQJQPGB")
Change component parameters (AddParameter): Name = "Value"; Value = "100nF"; VariantName = "[No Variations]"
Change component parameters: Designator = "C14" ("C14"); Footprint = "CAPC1608X90X35ML10T15"; UniqueID = "\IFJPAYJC\JSLEVZQH" ("\IFJPAYJC\JSLEVZQH")
Change component parameters (AddParameter): Name = "Value"; Value = "100nF"; VariantName = "[No Variations]"
Change component parameters: Designator = "C15" ("C15"); Footprint = "FP-CL10-IPC_C"; UniqueID = "\IFJPAYJC\XJVGHFEG" ("\IFJPAYJC\XJVGHFEG")
Change component parameters (AddParameter): Name = "Value"; Value = "4.7uF"; VariantName = "[No Variations]"
Change component parameters: Designator = "C16" ("C16"); Footprint = "FP-CL10-IPC_B"; UniqueID = "\IFJPAYJC\YEWHYWDY" ("\IFJPAYJC\YEWHYWDY")
Change component parameters (AddParameter): Name = "Value"; Value = "10uF"; VariantName = "[No Variations]"
Change component parameters: Designator = "C17" ("C17"); Footprint = "CAPC1608X90X35ML10T15"; UniqueID = "\UGMVBMNV\TCLNWKIX" ("\UGMVBMNV\TCLNWKIX")
Change component parameters (AddParameter): Name = "Value"; Value = "100nF"; VariantName = "[No Variations]"
Change component parameters: Designator = "C18" ("C18"); Footprint = "CAPC1608X90X35ML10T15"; UniqueID = "\UGMVBMNV\OMBIKSCP" ("\UGMVBMNV\OMBIKSCP")
Change component parameters (AddParameter): Name = "Value"; Value = "100nF"; VariantName = "[No Variations]"
Change component parameters: Designator = "C19" ("C19"); Footprint = "CAPC1608X90X35ML10T15"; UniqueID = "\UGMVBMNV\RYSOYTLR" ("\UGMVBMNV\RYSOYTLR")
Change component parameters (AddParameter): Name = "Value"; Value = "100nF"; VariantName = "[No Variations]"
Change component parameters: Designator = "C20" ("C20"); Footprint = "CAPC1608X90X35ML10T15"; UniqueID = "\UGMVBMNV\HVQWWKWP" ("\UGMVBMNV\HVQWWKWP")
Change component parameters (AddParameter): Name = "Value"; Value = "100nF"; VariantName = "[No Variations]"
Change component parameters: Designator = "C21" ("C21"); Footprint = "CAPC1608X90X35ML10T15"; UniqueID = "\UGMVBMNV\AXWDULMV" ("\UGMVBMNV\AXWDULMV")
Change component parameters (AddParameter): Name = "Value"; Value = "100nF"; VariantName = "[No Variations]"
Change component parameters: Designator = "C22" ("C22"); Footprint = "CAPC1608X90X35ML10T15"; UniqueID = "\UGMVBMNV\UQVLMNEK" ("\UGMVBMNV\UQVLMNEK")
Change component parameters (AddParameter): Name = "Value"; Value = "100nF"; VariantName = "[No Variations]"
Change component parameters: Designator = "C23" ("C23"); Footprint = "CAPC1608X90X35ML10T15"; UniqueID = "\UGMVBMNV\TPIXYKQZ" ("\UGMVBMNV\TPIXYKQZ")
Change component parameters (AddParameter): Name = "Value"; Value = "100nF"; VariantName = "[No Variations]"
Change component parameters: Designator = "C24" ("C24"); Footprint = "CAPC1608X90X35ML10T15"; UniqueID = "\UGMVBMNV\ZLHLTLOS" ("\UGMVBMNV\ZLHLTLOS")
Change component parameters (AddParameter): Name = "Value"; Value = "100nF"; VariantName = "[No Variations]"
Change component parameters: Designator = "C25" ("C25"); Footprint = "CAPC1608X90X35ML10T15"; UniqueID = "\UGMVBMNV\BPDPWWKT" ("\UGMVBMNV\BPDPWWKT")
Change component parameters (AddParameter): Name = "Value"; Value = "100nF"; VariantName = "[No Variations]"
Change component parameters: Designator = "C26" ("C26"); Footprint = "CAPC1608X90X35ML10T15"; UniqueID = "\UGMVBMNV\ZNGNYNQH" ("\UGMVBMNV\ZNGNYNQH")
Change component parameters (AddParameter): Name = "Value"; Value = "100nF"; VariantName = "[No Variations]"
Change component parameters: Designator = "C27" ("C27"); Footprint = "CAPC1608X90X35ML10T15"; UniqueID = "\UGMVBMNV\HJPKBHJP" ("\UGMVBMNV\HJPKBHJP")
Change component parameters (AddParameter): Name = "Value"; Value = "100nF"; VariantName = "[No Variations]"
Change component parameters: Designator = "C28" ("C28"); Footprint = "CAPC1608X90X35ML10T15"; UniqueID = "\UGMVBMNV\SJBKCQHR" ("\UGMVBMNV\SJBKCQHR")
Change component parameters (AddParameter): Name = "Value"; Value = "100nF"; VariantName = "[No Variations]"
Added Pin To Net: NetName=GND Pin=C1-1
Added Pin To Net: NetName=+3V3 Pin=C1-2
Added Pin To Net: NetName=GND Pin=C4-1
Added Pin To Net: NetName=REGO Pin=C4-2
Added Pin To Net: NetName=NetC6_2 Pin=C6-1
Added Pin To Net: NetName=VC5X Pin=C6-2
Added Pin To Net: NetName=GND Pin=C9-1
Added Pin To Net: NetName=VC5X Pin=C9-2
Added Pin To Net: NetName=SRP Pin=C10-1
Added Pin To Net: NetName=SRN Pin=C10-2
Added Pin To Net: NetName=NetC14_1 Pin=C14-2
Added Pin To Net: NetName=GND Pin=C15-1
Added Pin To Net: NetName=42V Pin=C15-2
Added Pin To Net: NetName=GND Pin=C16-1
Added Pin To Net: NetName=+3V3 Pin=C16-2
Change Net Name : Old Net Name=NetC6_2 New Net Name=NetC6_1
Change Net Name : Old Net Name=NetC14_1 New Net Name=NetC14_2
Added Pin To Net: NetName=NetC14_1 Pin=C14-1
Added Pin To Net: NetName=NetC14_1 Pin=IC4-1
Added Net: Name=NetC14_1
