Removed Pin From Net: NetName=GND Pin=C13-1
Removed Pin From Net: NetName=GND Pin=IC3-3
Removed Pin From Net: NetName=GND Pin=IC3-11
Removed Pin From Net: NetName=GND Pin=J3-A1_B12
Removed Pin From Net: NetName=GND Pin=J3-A12_B1
Removed Pin From Net: NetName=GND Pin=J3-SH1
Removed Pin From Net: NetName=GND Pin=J3-SH2
Removed Pin From Net: NetName=GND Pin=J3-SH3
Removed Pin From Net: NetName=GND Pin=J3-SH4
Removed Pin From Net: NetName=ESP_RST Pin=Q4-6
Removed Pin From Net: NetName=GND Pin=R18-1
Removed Pin From Net: NetName=GND Pin=R19-1
Removed Pin From Net: NetName=42V Pin=R21-2
Removed Member From Class: ClassName=3V3 Buck Regulator Member=R21
Change Component Footprint: Designator=J3 Old Footprint=KINGHELM_KH-TYPE-C-16P New Footprint=FP-22-28-4060-MFG
Change Component Comment : Designator=J3 Old Comment=KH-TYPE-C-16P New Comment=22-28-4060
Change Managed Component Library Link : Designator=J3 Old VaultGUID= New VaultGUID=B7D15EC3-160A-466F-A46C-7801FE6295A7 Old ItemGUID= New ItemGUID=69C58887-C266-46F3-9AED-85D183B9E544 Old RevisionGUID= New RevisionGUID=2B0F046C-33BA-4464-B9A2-00C1000812D9
Change component parameters: Designator = "J3" ("J3"); Footprint = "KINGHELM_KH-TYPE-C-16P"; UniqueID = "\DBXZGXZB\KKUUTFFL" ("\DBXZGXZB\KKUUTFFL")
Change component parameters (AddParameter): Name = "Color"; Value = "Black"; VariantName = "[No Variations]"
Change component parameters (AddParameter): Name = "Connector Type"; Value = "Male Pin"; VariantName = "[No Variations]"
Change component parameters (AddParameter): Name = "Contact Material"; Value = "Brass"; VariantName = "[No Variations]"
Change component parameters (AddParameter): Name = "Contact Mating Length"; Value = "0.24inch"; VariantName = "[No Variations]"
Change component parameters (AddParameter): Name = "Contact Plating"; Value = "Tin"; VariantName = "[No Variations]"
Change component parameters (AddParameter): Name = "Contact Resistance"; Value = "20mR"; VariantName = "[No Variations]"
Change component parameters (AddParameter): Name = "Contact Type"; Value = "Male Pin"; VariantName = "[No Variations]"
Change component parameters (AddParameter): Name = "Current Rating"; Value = "4A"; VariantName = "[No Variations]"
Change component parameters (AddParameter): Name = "Depth"; Value = "2.49mm"; VariantName = "[No Variations]"
Change component parameters (AddParameter): Name = "Gender"; Value = "Male"; VariantName = "[No Variations]"
Change component parameters (AddParameter): Name = "Housing Color"; Value = "Black"; VariantName = "[No Variations]"
Change component parameters (AddParameter): Name = "Housing Material"; Value = "Thermoplastic"; VariantName = "[No Variations]"
Change component parameters (AddParameter): Name = "Length"; Value = "15.24mm"; VariantName = "[No Variations]"
Change component parameters (AddParameter): Name = "Max Operating Temperature"; Value = "75°C"; VariantName = "[No Variations]"
Change component parameters (AddParameter): Name = "Max Voltage Rating (AC)"; Value = "250V"; VariantName = "[No Variations]"
Change component parameters (AddParameter): Name = "Max Voltage Rating (DC)"; Value = "250.25kV"; VariantName = "[No Variations]"
Change component parameters (AddParameter): Name = "Min Operating Temperature"; Value = "0°C"; VariantName = "[No Variations]"
Change component parameters (AddParameter): Name = "Mount"; Value = "Through Hole"; VariantName = "[No Variations]"
Change component parameters (AddParameter): Name = "Number of Contacts"; Value = "6"; VariantName = "[No Variations]"
Change component parameters (AddParameter): Name = "Number of Positions"; Value = "6"; VariantName = "[No Variations]"
Change component parameters (AddParameter): Name = "Number of Rows"; Value = "1"; VariantName = "[No Variations]"
Change component parameters (AddParameter): Name = "Orientation"; Value = "Straight"; VariantName = "[No Variations]"
Change component parameters (AddParameter): Name = "Package Quantity"; Value = "1"; VariantName = "[No Variations]"
Change component parameters (AddParameter): Name = "Packaging"; Value = "Bulk"; VariantName = "[No Variations]"
Change component parameters (AddParameter): Name = "Pitch"; Value = "2.54mm"; VariantName = "[No Variations]"
Change component parameters (AddParameter): Name = "RoHS Compliant"; Value = "Yes"; VariantName = "[No Variations]"
Change component parameters (AddParameter): Name = "Series"; Value = "KK® 42375"; VariantName = "[No Variations]"
Change component parameters (AddParameter): Name = "Termination"; Value = "Solder"; VariantName = "[No Variations]"
Change component parameters (AddParameter): Name = "Voltage Rating"; Value = "250V"; VariantName = "[No Variations]"
Add Pin To Net: Unknown Pin: Pin IC1-20
Add Pin To Net: Unknown Pin: Pin IC1-21
Add Pin To Net: Unknown Pin: Pin IC1-22
Add Pin To Net: Unknown Pin: Pin IC1-23
Add Pin To Net: Unknown Pin: Pin IC1-24
Add Pin To Net: Unknown Pin: Pin IC1-25
Add Pin To Net: Unknown Pin: Pin IC1-26
Add Pin To Net: Unknown Pin: Pin IC1-27
Added Pin To Net: NetName=3V3 Pin=J3-1
Added Pin To Net: NetName=GND Pin=J3-4
Added Pin To Net: NetName=ESP_RST Pin=J3-5
Added Pin To Net: NetName=GPIO9 Pin=IC1-8
Added Pin To Net: NetName=GPIO9 Pin=J3-6
Added Net: Name=GPIO9
Added Pin To Net: NetName=RX Pin=IC1-11
Added Pin To Net: NetName=RX Pin=J3-2
Added Net: Name=RX
Added Pin To Net: NetName=TX Pin=IC1-12
Added Pin To Net: NetName=TX Pin=J3-3
Added Net: Name=TX
Added Member To Class: ClassName=ESP32-C3-WROOM-2 Member=Component J3 22-28-4060
