Removed Pin From Net: NetName=0V Pin=J3-1
Removed Pin From Net: NetName=4.2V Pin=J3-2
Removed Pin From Net: NetName=8.4V Pin=J3-3
Removed Pin From Net: NetName=12.6V Pin=J3-4
Removed Pin From Net: NetName=16.8V Pin=J3-5
Removed Pin From Net: NetName=21V Pin=J3-6
Removed Pin From Net: NetName=25.2V Pin=J3-7
Removed Pin From Net: NetName=29.4V Pin=J3-8
Removed Pin From Net: NetName=33.6V Pin=J3-9
Removed Pin From Net: NetName=37.8V Pin=J3-10
Removed Pin From Net: NetName=42V Pin=J3-11
Removed Member From Class: ClassName=U_BQ76930 Member=J3
Added Component: Designator=J?(S11BPHKSLFSN)
Add component (AddParameter): Name = "Arrow Part Number"; Value = "S11B-PH-K-S(LF)(SN)"; VariantName = "[No Variations]"
Add component (AddParameter): Name = "Arrow Price/Stock"; Value = "https://www.arrow.com/en/products/s11b-ph-k-s-lf-sn/jst-manufacturing"; VariantName = "[No Variations]"
Add component (AddParameter): Name = "Datasheet Link"; Value = "http://www.farnell.com/datasheets/2057211.pdf"; VariantName = "[No Variations]"
Add component (AddParameter): Name = "Height"; Value = "4.8mm"; VariantName = "[No Variations]"
Add component (AddParameter): Name = "Manufacturer_Name"; Value = "JST (JAPAN SOLDERLESS TERMINALS)"; VariantName = "[No Variations]"
Add component (AddParameter): Name = "Manufacturer_Part_Number"; Value = "S11B-PH-K-S(LF)(SN)"; VariantName = "[No Variations]"
Add component (AddParameter): Name = "Mouser Part Number"; Value = ""; VariantName = "[No Variations]"
Add component (AddParameter): Name = "Mouser Price/Stock"; Value = ""; VariantName = "[No Variations]"
Add Pin To Net: Unknown Pin: Pin IC?-20
Add Pin To Net: Unknown Pin: Pin IC?-21
Add Pin To Net: Unknown Pin: Pin IC?-22
Add Pin To Net: Unknown Pin: Pin IC?-23
Add Pin To Net: Unknown Pin: Pin IC?-24
Add Pin To Net: Unknown Pin: Pin IC?-25
Add Pin To Net: Unknown Pin: Pin IC?-26
Add Pin To Net: Unknown Pin: Pin IC?-27
Added Pin To Net: NetName=42V Pin=J?-1
Added Pin To Net: NetName=37.8V Pin=J?-2
Added Pin To Net: NetName=33.6V Pin=J?-3
Added Pin To Net: NetName=29.4V Pin=J?-4
Added Pin To Net: NetName=25.2V Pin=J?-5
Added Pin To Net: NetName=21V Pin=J?-6
Added Pin To Net: NetName=16.8V Pin=J?-7
Added Pin To Net: NetName=12.6V Pin=J?-8
Added Pin To Net: NetName=8.4V Pin=J?-9
Added Pin To Net: NetName=4.2V Pin=J?-10
Added Pin To Net: NetName=0V Pin=J?-11
Added Member To Class: ClassName=U_BQ76930 Member=Component J? S11B-PH-K-S_LF__SN_
