Removed Pin From Net: NetName=TS1 Pin=R4-2
Removed Member From Class: ClassName=BQ76930 Member=R4
Added Component: Designator=D5(DIOD-SOD123-2_V)
Add component (AddParameter): Name = "Brand"; Value = "DiodesIncorporated"; VariantName = "[No Variations]"
Add component (AddParameter): Name = "Configuration"; Value = "Single"; VariantName = "[No Variations]"
Add component (AddParameter): Name = "Datasheet URL"; Value = "http://www.farnell.com/datasheets/1915529.pdf"; VariantName = "[No Variations]"
Add component (AddParameter): Name = "Datasheet Version"; Value = "Rev. 24-2, 10/2013"; VariantName = "[No Variations]"
Add component (AddParameter): Name = "Factory Pack Quantity"; Value = "3000"; VariantName = "[No Variations]"
Add component (AddParameter): Name = "Height"; Value = "1.25mm"; VariantName = "[No Variations]"
Add component (AddParameter): Name = "If - Forward Current"; Value = "0.15A"; VariantName = "[No Variations]"
Add component (AddParameter): Name = "Ir - Reverse Current"; Value = "1uA"; VariantName = "[No Variations]"
Add component (AddParameter): Name = "Length"; Value = "2.85mm"; VariantName = "[No Variations]"
Add component (AddParameter): Name = "Manufacturer"; Value = "DiodesIncorporated"; VariantName = "[No Variations]"
Add component (AddParameter): Name = "Manufacturer URL"; Value = "http://www.diodes.com/"; VariantName = "[No Variations]"
Add component (AddParameter): Name = "Max Surge Current"; Value = "2A"; VariantName = "[No Variations]"
Add component (AddParameter): Name = "Maximum Operating Temperature"; Value = "+150C"; VariantName = "[No Variations]"
Add component (AddParameter): Name = "Minimum Operating Temperature"; Value = "-65C"; VariantName = "[No Variations]"
Add component (AddParameter): Name = "Mounting Style"; Value = "SMD/SMT"; VariantName = "[No Variations]"
Add component (AddParameter): Name = "Operating Temperature Range"; Value = "-65Cto+150C"; VariantName = "[No Variations]"
Add component (AddParameter): Name = "Package / Case"; Value = "SOD-123"; VariantName = "[No Variations]"
Add component (AddParameter): Name = "Package Reference"; Value = "SOD123-2"; VariantName = "[No Variations]"
Add component (AddParameter): Name = "Package URL"; Value = "http://www.diodes.com/datasheets/ds18004.pdf"; VariantName = "[No Variations]"
Add component (AddParameter): Name = "Packaging"; Value = "Reel"; VariantName = "[No Variations]"
Add component (AddParameter): Name = "Peak Reverse Voltage"; Value = "100V"; VariantName = "[No Variations]"
Add component (AddParameter): Name = "Product"; Value = "SwitchingDiodes"; VariantName = "[No Variations]"
Add component (AddParameter): Name = "Product Category"; Value = "Diodes-GeneralPurpose,Power,Switching"; VariantName = "[No Variations]"
Add component (AddParameter): Name = "Recovery Time"; Value = "4ns"; VariantName = "[No Variations]"
Add component (AddParameter): Name = "RoHS"; Value = "True"; VariantName = "[No Variations]"
Add component (AddParameter): Name = "Series"; Value = "1N4148"; VariantName = "[No Variations]"
Add component (AddParameter): Name = "Type"; Value = "SwitchingDiode"; VariantName = "[No Variations]"
Add component (AddParameter): Name = "Unit Weight"; Value = "0.000353oz"; VariantName = "[No Variations]"
Add component (AddParameter): Name = "Vf - Forward Voltage"; Value = "1.25V"; VariantName = "[No Variations]"
Add component (AddParameter): Name = "Width"; Value = "1.7mm"; VariantName = "[No Variations]"
Added Pin To Net: NetName=TS1 Pin=D5-2
Added Pin To Net: NetName=NetD5_1 Pin=D5-1
Added Pin To Net: NetName=NetD5_1 Pin=IC3-5
Added Net: Name=NetD5_1
Added Member To Class: ClassName=BQ76930 Member=Component D5 1N4148W-7-F
