Removed Pin From Net: NetName=+3V3 Pin=IC1-1
Removed Pin From Net: NetName=ESP_RST Pin=IC1-2
Removed Pin From Net: NetName=GPIO8 Pin=IC1-7
Removed Pin From Net: NetName=GPIO9 Pin=IC1-8
Removed Pin From Net: NetName=GND Pin=IC1-9
Removed Pin From Net: NetName=RX Pin=IC1-11
Removed Pin From Net: NetName=TX Pin=IC1-12
Removed Pin From Net: NetName=SERV_SIG_D Pin=IC1-15
Removed Pin From Net: NetName=GND Pin=IC1-19
Removed Pin From Net: NetName=GND Pin=IC1-19
Removed Pin From Net: NetName=GND Pin=IC1-19
Removed Pin From Net: NetName=GND Pin=IC1-19
Removed Pin From Net: NetName=GND Pin=IC1-19
Removed Pin From Net: NetName=GND Pin=IC1-19
Removed Pin From Net: NetName=GND Pin=IC1-19
Removed Pin From Net: NetName=GND Pin=IC1-19
Removed Pin From Net: NetName=GND Pin=IC1-19
Removed Member From Class: ClassName=ESP32-C3-WROOM-2 Member=IC1
Added Component: Designator=IC3(Espressif ESP32C3WROOM02N4)
Add component (AddParameter): Name = "Arrow Part Number"; Value = ""; VariantName = "[No Variations]"
Add component (AddParameter): Name = "Arrow Price/Stock"; Value = ""; VariantName = "[No Variations]"
Add component (AddParameter): Name = "Datasheet Link"; Value = "https://www.mouser.ch/datasheet/2/891/Espressif_ESP32_C3_WROOM_02-2006871.pdf"; VariantName = "[No Variations]"
Add component (AddParameter): Name = "Height"; Value = "3.35mm"; VariantName = "[No Variations]"
Add component (AddParameter): Name = "Manufacturer_Name"; Value = "Espressif Systems"; VariantName = "[No Variations]"
Add component (AddParameter): Name = "Manufacturer_Part_Number"; Value = "ESP32-C3-WROOM-02-N4"; VariantName = "[No Variations]"
Add component (AddParameter): Name = "Mouser Part Number"; Value = "356-ESP32C3WROOM02N4"; VariantName = "[No Variations]"
Add component (AddParameter): Name = "Mouser Price/Stock"; Value = "https://www.mouser.co.uk/ProductDetail/Espressif-Systems/ESP32-C3-WROOM-02-N4?qs=stqOd1AaK7%2FqjTZKEOgfUg%3D%3D"; VariantName = "[No Variations]"
Add component (AddParameter): Name = "Supplier"; Value = "Mouser"; VariantName = "[No Variations]"
Add component (AddParameter): Name = "Supplier Part Number"; Value = "356-ESP32C3WROOM02N4"; VariantName = "[No Variations]"
Added Pin To Net: NetName=+3V3 Pin=IC3-1
Added Pin To Net: NetName=ESP_RST Pin=IC3-2
Added Pin To Net: NetName=GPIO8 Pin=IC3-7
Added Pin To Net: NetName=GPIO9 Pin=IC3-8
Added Pin To Net: NetName=GND Pin=IC3-9
Added Pin To Net: NetName=RX Pin=IC3-11
Added Pin To Net: NetName=TX Pin=IC3-12
Added Pin To Net: NetName=SERV_SIG_D Pin=IC3-15
Added Pin To Net: NetName=GND Pin=IC3-19
Added Pin To Net: NetName=GND Pin=IC3-19
Added Pin To Net: NetName=GND Pin=IC3-19
Added Pin To Net: NetName=GND Pin=IC3-19
Added Pin To Net: NetName=GND Pin=IC3-19
Added Pin To Net: NetName=GND Pin=IC3-19
Added Pin To Net: NetName=GND Pin=IC3-19
Added Pin To Net: NetName=GND Pin=IC3-19
Added Pin To Net: NetName=GND Pin=IC3-19
Added Pin To Net: NetName=NetIC2_4 Pin=IC2-4
Added Pin To Net: NetName=NetIC2_4 Pin=IC3-4
Added Pin To Net: NetName=NetIC2_4 Pin=R16-1
Added Net: Name=NetIC2_4
Added Pin To Net: NetName=NetIC2_5 Pin=IC2-5
Added Pin To Net: NetName=NetIC2_5 Pin=IC3-3
Added Pin To Net: NetName=NetIC2_5 Pin=R15-1
Added Net: Name=NetIC2_5
Added Pin To Net: NetName=NetIC2_30 Pin=IC2-30
Added Pin To Net: NetName=NetIC2_30 Pin=IC3-6
Added Pin To Net: NetName=NetIC2_30 Pin=R9-2
Added Net: Name=NetIC2_30
Added Pin To Net: NetName=NetIC3_5 Pin=IC3-5
Added Pin To Net: NetName=NetIC3_5 Pin=R4-1
Added Net: Name=NetIC3_5
Added Member To Class: ClassName=ESP32-C3-WROOM-2 Member=Component IC3 ESP32-C3-WROOM-02-N4
