Replace Part C4 Capacitor in C:\Users\Tim\Downloads\diy-10s-smart-bms\PCB_Project\BQ76930.SchDoc with Capacitor from Simulation Generic Components.IntLib
Replace Part C5 Capacitor in C:\Users\Tim\Downloads\diy-10s-smart-bms\PCB_Project\BQ76930.SchDoc with Capacitor from Simulation Generic Components.IntLib
Replace Part C6 Capacitor in C:\Users\Tim\Downloads\diy-10s-smart-bms\PCB_Project\BQ76930.SchDoc with Capacitor from Simulation Generic Components.IntLib
Replace Part C7 Capacitor in C:\Users\Tim\Downloads\diy-10s-smart-bms\PCB_Project\BQ76930.SchDoc with Capacitor from Simulation Generic Components.IntLib
Replace Part C8 Capacitor in C:\Users\Tim\Downloads\diy-10s-smart-bms\PCB_Project\BQ76930.SchDoc with Capacitor from Simulation Generic Components.IntLib
Replace Part C9 Capacitor in C:\Users\Tim\Downloads\diy-10s-smart-bms\PCB_Project\BQ76930.SchDoc with Capacitor from Simulation Generic Components.IntLib
Replace Part C10 Capacitor in C:\Users\Tim\Downloads\diy-10s-smart-bms\PCB_Project\BQ76930.SchDoc with Capacitor from Simulation Generic Components.IntLib
Replace Part C11 Capacitor in C:\Users\Tim\Downloads\diy-10s-smart-bms\PCB_Project\BQ76930.SchDoc with Capacitor from Simulation Generic Components.IntLib
Replace Part C12 Capacitor in C:\Users\Tim\Downloads\diy-10s-smart-bms\PCB_Project\BQ76930.SchDoc with Capacitor from Simulation Generic Components.IntLib
Replace Part C13 Capacitor in C:\Users\Tim\Downloads\diy-10s-smart-bms\PCB_Project\BQ76930.SchDoc with Capacitor from Simulation Generic Components.IntLib
Replace Part C14 Capacitor in C:\Users\Tim\Downloads\diy-10s-smart-bms\PCB_Project\BQ76930.SchDoc with Capacitor from Simulation Generic Components.IntLib
Replace Part C15 Capacitor in C:\Users\Tim\Downloads\diy-10s-smart-bms\PCB_Project\BQ76930.SchDoc with Capacitor from Simulation Generic Components.IntLib
Replace Part C16 Capacitor in C:\Users\Tim\Downloads\diy-10s-smart-bms\PCB_Project\BQ76930.SchDoc with Capacitor from Simulation Generic Components.IntLib
Replace Part C17 Capacitor in C:\Users\Tim\Downloads\diy-10s-smart-bms\PCB_Project\BQ76930.SchDoc with Capacitor from Simulation Generic Components.IntLib
Replace Part C18 Capacitor in C:\Users\Tim\Downloads\diy-10s-smart-bms\PCB_Project\BQ76930.SchDoc with Capacitor from Simulation Generic Components.IntLib
Replace Part C19 Capacitor in C:\Users\Tim\Downloads\diy-10s-smart-bms\PCB_Project\BQ76930.SchDoc with Capacitor from Simulation Generic Components.IntLib
Replace Part C20 Capacitor in C:\Users\Tim\Downloads\diy-10s-smart-bms\PCB_Project\BQ76930.SchDoc with Capacitor from Simulation Generic Components.IntLib
Replace Part C21 Capacitor in C:\Users\Tim\Downloads\diy-10s-smart-bms\PCB_Project\BQ76930.SchDoc with Capacitor from Simulation Generic Components.IntLib
Replace Part C22 Capacitor in C:\Users\Tim\Downloads\diy-10s-smart-bms\PCB_Project\BQ76930.SchDoc with Capacitor from Simulation Generic Components.IntLib
Replace Part C23 Capacitor in C:\Users\Tim\Downloads\diy-10s-smart-bms\PCB_Project\BQ76930.SchDoc with Capacitor from Simulation Generic Components.IntLib
Replace Part C24 Capacitor in C:\Users\Tim\Downloads\diy-10s-smart-bms\PCB_Project\BQ76930.SchDoc with Capacitor from Simulation Generic Components.IntLib
Update Managed Component D1 From CMP-2000-04932-2[1N4148W-7-F] To CMP-2000-04932-2[1N4148W-7-F] in BQ76930.SchDoc
Update Managed Component D2 From CMP-2000-04932-2[1N4148W-7-F] To CMP-2000-04932-2[1N4148W-7-F] in BQ76930.SchDoc
Update Managed Component D3 From CMP-2000-04932-2[1N4148W-7-F] To CMP-2000-04932-2[1N4148W-7-F] in BQ76930.SchDoc
Update Managed Component J1 From CMP-2000-05888-3[B2B-XH-A(LF)(SN)] To CMP-2000-05888-3[B2B-XH-A(LF)(SN)] in BQ76930.SchDoc
Update Managed Component J2 From CMP-2000-05888-3[B2B-XH-A(LF)(SN)] To CMP-2000-05888-3[B2B-XH-A(LF)(SN)] in BQ76930.SchDoc
Update Managed Component Q1 From CMP-2000-04934-1[BSS123] To CMP-2000-04934-1[BSS123] in BQ76930.SchDoc
Replace Part R3 Resistor in C:\Users\Tim\Downloads\diy-10s-smart-bms\PCB_Project\BQ76930.SchDoc with Resistor from Simulation Generic Components.IntLib
Replace Part R4 Resistor in C:\Users\Tim\Downloads\diy-10s-smart-bms\PCB_Project\BQ76930.SchDoc with Resistor from Simulation Generic Components.IntLib
Replace Part R5 Resistor in C:\Users\Tim\Downloads\diy-10s-smart-bms\PCB_Project\BQ76930.SchDoc with Resistor from Simulation Generic Components.IntLib
Replace Part R6 Resistor in C:\Users\Tim\Downloads\diy-10s-smart-bms\PCB_Project\BQ76930.SchDoc with Resistor from Simulation Generic Components.IntLib
Replace Part R7 Resistor in C:\Users\Tim\Downloads\diy-10s-smart-bms\PCB_Project\BQ76930.SchDoc with Resistor from Simulation Generic Components.IntLib
Replace Part R8 Resistor in C:\Users\Tim\Downloads\diy-10s-smart-bms\PCB_Project\BQ76930.SchDoc with Resistor from Simulation Generic Components.IntLib
Replace Part R9 Resistor in C:\Users\Tim\Downloads\diy-10s-smart-bms\PCB_Project\BQ76930.SchDoc with Resistor from Simulation Generic Components.IntLib
Replace Part R10 Resistor in C:\Users\Tim\Downloads\diy-10s-smart-bms\PCB_Project\BQ76930.SchDoc with Resistor from Simulation Generic Components.IntLib
Replace Part R11 Resistor in C:\Users\Tim\Downloads\diy-10s-smart-bms\PCB_Project\BQ76930.SchDoc with Resistor from Simulation Generic Components.IntLib
Replace Part R12 Resistor in C:\Users\Tim\Downloads\diy-10s-smart-bms\PCB_Project\BQ76930.SchDoc with Resistor from Simulation Generic Components.IntLib
Replace Part R13 Resistor in C:\Users\Tim\Downloads\diy-10s-smart-bms\PCB_Project\BQ76930.SchDoc with Resistor from Simulation Generic Components.IntLib
Replace Part R14 Resistor in C:\Users\Tim\Downloads\diy-10s-smart-bms\PCB_Project\BQ76930.SchDoc with Resistor from Simulation Generic Components.IntLib
Replace Part R15 Resistor in C:\Users\Tim\Downloads\diy-10s-smart-bms\PCB_Project\BQ76930.SchDoc with Resistor from Simulation Generic Components.IntLib
Replace Part R16 Resistor in C:\Users\Tim\Downloads\diy-10s-smart-bms\PCB_Project\BQ76930.SchDoc with Resistor from Simulation Generic Components.IntLib
Replace Part R17 Resistor in C:\Users\Tim\Downloads\diy-10s-smart-bms\PCB_Project\BQ76930.SchDoc with Resistor from Simulation Generic Components.IntLib
Replace Part R18 Resistor in C:\Users\Tim\Downloads\diy-10s-smart-bms\PCB_Project\BQ76930.SchDoc with Resistor from Simulation Generic Components.IntLib
Replace Part R19 Resistor in C:\Users\Tim\Downloads\diy-10s-smart-bms\PCB_Project\BQ76930.SchDoc with Resistor from Simulation Generic Components.IntLib
Replace Part R20 Resistor in C:\Users\Tim\Downloads\diy-10s-smart-bms\PCB_Project\BQ76930.SchDoc with Resistor from Simulation Generic Components.IntLib
Replace Part R21 Resistor in C:\Users\Tim\Downloads\diy-10s-smart-bms\PCB_Project\BQ76930.SchDoc with Resistor from Simulation Generic Components.IntLib
Replace Part R22 Resistor in C:\Users\Tim\Downloads\diy-10s-smart-bms\PCB_Project\BQ76930.SchDoc with Resistor from Simulation Generic Components.IntLib
Replace Part R23 Resistor in C:\Users\Tim\Downloads\diy-10s-smart-bms\PCB_Project\BQ76930.SchDoc with Resistor from Simulation Generic Components.IntLib
Replace Part R24 Resistor in C:\Users\Tim\Downloads\diy-10s-smart-bms\PCB_Project\BQ76930.SchDoc with Resistor from Simulation Generic Components.IntLib
Replace Part R25 Resistor in C:\Users\Tim\Downloads\diy-10s-smart-bms\PCB_Project\BQ76930.SchDoc with Resistor from Simulation Generic Components.IntLib
Replace Part R26 Resistor in C:\Users\Tim\Downloads\diy-10s-smart-bms\PCB_Project\BQ76930.SchDoc with Resistor from Simulation Generic Components.IntLib
